                       :-) GROMACS - gmx mdrun, 2022 (-:

Copyright 1991-2022 The GROMACS Authors.
GROMACS is free software; you can redistribute it and/or modify it
under the terms of the GNU Lesser General Public License
as published by the Free Software Foundation; either version 2.1
of the License, or (at your option) any later version.

                         Current GROMACS contributors:
       Mark Abraham           Andrey Alekseenko           Cathrine Bergh      
      Christian Blau            Eliane Briand               Kevin Boyd        
     Oliver Fleetwood         Stefan Fleischmann           Vytas Gapsys       
       Gaurav Garg           Gilles Gouaillardet            Alan Gray         
      Victor Holanda           M. Eric Irrgang              Joe Jordan        
    Christoph Junghans        Prashanth Kanduri           Sebastian Kehl      
     Sebastian Keller          Carsten Kutzner           Magnus Lundborg      
       Pascal Merz              Dmitry Morozov             Szilard Pall       
      Roland Schulz             Michael Shirts         David van der Spoel    
     Alessandra Villa      Sebastian Wingbermuehle        Artem Zhmurov       

                         Previous GROMACS contributors:
        Emile Apol             Rossen Apostolov           James Barnett       
  Herman J.C. Berendsen          Par Bjelkmar           Viacheslav Bolnykh    
    Aldert van Buuren          Carlo Camilloni           Rudi van Drunen      
      Anton Feenstra           Gerrit Groenhof            Bert de Groot       
      Anca Hamuraru           Vincent Hindriksen         Aleksei Iupinov      
   Dimitrios Karkoulis           Peter Kasson               Jiri Kraus        
       Per Larsson             Justin A. Lemkul           Viveca Lindahl      
      Erik Marklund           Pieter Meulenhoff           Vedran Miletic      
      Teemu Murtola              Sander Pronk            Alexey Shvetsov      
      Alfons Sijbers            Peter Tieleman             Jon Vincent        
     Teemu Virolainen         Christian Wennberg           Maarten Wolf       

                  Coordinated by the GROMACS project leaders:
                    Paul Bauer, Berk Hess, and Erik Lindahl

GROMACS:      gmx mdrun, version 2022
Executable:   /usr/local/gromacs/bin/gmx
Data prefix:  /usr/local/gromacs
Working dir:  /Users/patrickfrankel/Desktop/SMILES_POPC
Process ID:   10990
Command line:
  gmx mdrun -deffnm pull

GROMACS version:    2022
Precision:          mixed
Memory model:       64 bit
MPI library:        thread_mpi
OpenMP support:     disabled
GPU support:        disabled
SIMD instructions:  ARM_NEON_ASIMD
CPU FFT library:    fftw-3.3.8
GPU FFT library:    none
TNG support:        enabled
Hwloc support:      disabled
Tracing support:    disabled
C compiler:         /Library/Developer/CommandLineTools/usr/bin/cc AppleClang 14.0.0.14000029
C compiler flags:   -Wno-unknown-pragmas -Wno-missing-field-initializers -fno-stack-check -fno-stack-check -O3 -DNDEBUG
C++ compiler:       /Library/Developer/CommandLineTools/usr/bin/c++ AppleClang 14.0.0.14000029
C++ compiler flags: -Wno-unknown-pragmas -Wno-reserved-identifier -Wno-missing-field-initializers -fno-stack-check -fno-stack-check -Weverything -Wno-c++98-compat -Wno-c++98-compat-pedantic -Wno-source-uses-openmp -Wno-c++17-extensions -Wno-documentation-unknown-command -Wno-covered-switch-default -Wno-switch-enum -Wno-extra-semi-stmt -Wno-weak-vtables -Wno-shadow -Wno-padded -Wno-reserved-id-macro -Wno-double-promotion -Wno-exit-time-destructors -Wno-global-constructors -Wno-documentation -Wno-format-nonliteral -Wno-used-but-marked-unused -Wno-float-equal -Wno-conditional-uninitialized -Wno-conversion -Wno-disabled-macro-expansion -Wno-unused-macros -O3 -DNDEBUG


Running on 1 node with total 0 processing units
Hardware detected:
  CPU info:
    Vendor: ARM
    Brand:  Unknown CPU brand
    Family: 0   Model: 0   Stepping: 0
    Features: neon neon_asimd
  Hardware topology: Only logical processor count
    CPU limit set by OS: -1   Recommended max number of threads: 8


++++ PLEASE READ AND CITE THE FOLLOWING REFERENCE ++++
M. J. Abraham, T. Murtola, R. Schulz, S. Páll, J. C. Smith, B. Hess, E.
Lindahl
GROMACS: High performance molecular simulations through multi-level
parallelism from laptops to supercomputers
SoftwareX 1 (2015) pp. 19-25
-------- -------- --- Thank You --- -------- --------


++++ PLEASE READ AND CITE THE FOLLOWING REFERENCE ++++
S. Páll, M. J. Abraham, C. Kutzner, B. Hess, E. Lindahl
Tackling Exascale Software Challenges in Molecular Dynamics Simulations with
GROMACS
In S. Markidis & E. Laure (Eds.), Solving Software Challenges for Exascale 8759 (2015) pp. 3-27
-------- -------- --- Thank You --- -------- --------


++++ PLEASE READ AND CITE THE FOLLOWING REFERENCE ++++
S. Pronk, S. Páll, R. Schulz, P. Larsson, P. Bjelkmar, R. Apostolov, M. R.
Shirts, J. C. Smith, P. M. Kasson, D. van der Spoel, B. Hess, and E. Lindahl
GROMACS 4.5: a high-throughput and highly parallel open source molecular
simulation toolkit
Bioinformatics 29 (2013) pp. 845-54
-------- -------- --- Thank You --- -------- --------


++++ PLEASE READ AND CITE THE FOLLOWING REFERENCE ++++
B. Hess and C. Kutzner and D. van der Spoel and E. Lindahl
GROMACS 4: Algorithms for highly efficient, load-balanced, and scalable
molecular simulation
J. Chem. Theory Comput. 4 (2008) pp. 435-447
-------- -------- --- Thank You --- -------- --------


++++ PLEASE READ AND CITE THE FOLLOWING REFERENCE ++++
D. van der Spoel, E. Lindahl, B. Hess, G. Groenhof, A. E. Mark and H. J. C.
Berendsen
GROMACS: Fast, Flexible and Free
J. Comp. Chem. 26 (2005) pp. 1701-1719
-------- -------- --- Thank You --- -------- --------


++++ PLEASE READ AND CITE THE FOLLOWING REFERENCE ++++
E. Lindahl and B. Hess and D. van der Spoel
GROMACS 3.0: A package for molecular simulation and trajectory analysis
J. Mol. Mod. 7 (2001) pp. 306-317
-------- -------- --- Thank You --- -------- --------


++++ PLEASE READ AND CITE THE FOLLOWING REFERENCE ++++
H. J. C. Berendsen, D. van der Spoel and R. van Drunen
GROMACS: A message-passing parallel molecular dynamics implementation
Comp. Phys. Comm. 91 (1995) pp. 43-56
-------- -------- --- Thank You --- -------- --------


++++ PLEASE CITE THE DOI FOR THIS VERSION OF GROMACS ++++
https://doi.org/10.5281/zenodo.6103835
-------- -------- --- Thank You --- -------- --------

Input Parameters:
   integrator                     = md
   tinit                          = 0
   dt                             = 0.002
   nsteps                         = 50000
   init-step                      = 0
   simulation-part                = 1
   mts                            = false
   comm-mode                      = Linear
   nstcomm                        = 100
   bd-fric                        = 0
   ld-seed                        = -4416005
   emtol                          = 10
   emstep                         = 0.01
   niter                          = 20
   fcstep                         = 0
   nstcgsteep                     = 1000
   nbfgscorr                      = 10
   rtpi                           = 0.05
   nstxout                        = 0
   nstvout                        = 0
   nstfout                        = 0
   nstlog                         = 1000
   nstcalcenergy                  = 100
   nstenergy                      = 1000
   nstxout-compressed             = 250
   compressed-x-precision         = 1000
   cutoff-scheme                  = Verlet
   nstlist                        = 40
   pbc                            = xyz
   periodic-molecules             = false
   verlet-buffer-tolerance        = 0.005
   rlist                          = 1
   coulombtype                    = PME
   coulomb-modifier               = Potential-shift
   rcoulomb-switch                = 0
   rcoulomb                       = 1
   epsilon-r                      = 1
   epsilon-rf                     = inf
   vdw-type                       = PME
   vdw-modifier                   = Potential-shift
   rvdw-switch                    = 0
   rvdw                           = 1
   DispCorr                       = EnerPres
   table-extension                = 1
   fourierspacing                 = 0.12
   fourier-nx                     = 42
   fourier-ny                     = 42
   fourier-nz                     = 42
   pme-order                      = 4
   ewald-rtol                     = 1e-05
   ewald-rtol-lj                  = 0.001
   lj-pme-comb-rule               = Geometric
   ewald-geometry                 = 3d
   epsilon-surface                = 0
   tcoupl                         = V-rescale
   nsttcouple                     = 10
   nh-chain-length                = 0
   print-nose-hoover-chain-variables = false
   pcoupl                         = No
   pcoupltype                     = Isotropic
   nstpcouple                     = -1
   tau-p                          = 1
   compressibility (3x3):
      compressibility[    0]={ 0.00000e+00,  0.00000e+00,  0.00000e+00}
      compressibility[    1]={ 0.00000e+00,  0.00000e+00,  0.00000e+00}
      compressibility[    2]={ 0.00000e+00,  0.00000e+00,  0.00000e+00}
   ref-p (3x3):
      ref-p[    0]={ 0.00000e+00,  0.00000e+00,  0.00000e+00}
      ref-p[    1]={ 0.00000e+00,  0.00000e+00,  0.00000e+00}
      ref-p[    2]={ 0.00000e+00,  0.00000e+00,  0.00000e+00}
   refcoord-scaling               = No
   posres-com (3):
      posres-com[0]= 0.00000e+00
      posres-com[1]= 0.00000e+00
      posres-com[2]= 0.00000e+00
   posres-comB (3):
      posres-comB[0]= 0.00000e+00
      posres-comB[1]= 0.00000e+00
      posres-comB[2]= 0.00000e+00
   QMMM                           = false
qm-opts:
   ngQM                           = 0
   constraint-algorithm           = Lincs
   continuation                   = false
   Shake-SOR                      = false
   shake-tol                      = 0.0001
   lincs-order                    = 4
   lincs-iter                     = 1
   lincs-warnangle                = 30
   nwall                          = 0
   wall-type                      = 9-3
   wall-r-linpot                  = -1
   wall-atomtype[0]               = -1
   wall-atomtype[1]               = -1
   wall-density[0]                = 0
   wall-density[1]                = 0
   wall-ewald-zfac                = 3
   pull                           = true
   pull-cylinder-r                = 1.5
   pull-constr-tol                = 1e-06
   pull-print-COM                 = false
   pull-print-ref-value           = false
   pull-print-components          = false
   pull-nstxout                   = 50
   pull-nstfout                   = 50
   pull-pbc-ref-prev-step-com     = false
   pull-xout-average              = false
   pull-fout-average              = false
   pull-ngroups                   = 2
   pull-group 0:
     atom: not available
     weight: not available
     pbcatom                        = -1
   pull-group 1:
     atom (1):
        atom[0]=9
     weight: not available
     pbcatom                        = -1
   pull-ncoords                   = 1
   pull-coord 0:
   type                           = constant-force
   geometry                       = direction-periodic
   group[0]                       = 0
   group[1]                       = 1
   dim (3):
      dim[0]=0
      dim[1]=0
      dim[2]=1
   origin (3):
      origin[0]= 0.00000e+00
      origin[1]= 0.00000e+00
      origin[2]= 0.00000e+00
   vec (3):
      vec[0]= 0.00000e+00
      vec[1]= 0.00000e+00
      vec[2]= 1.00000e+00
   start                          = true
   init                           = -0.191
   rate                           = 0.01
   k                              = 1000
   kB                             = 1000
   awh                            = false
   rotation                       = false
   interactiveMD                  = false
   disre                          = No
   disre-weighting                = Conservative
   disre-mixed                    = false
   dr-fc                          = 1000
   dr-tau                         = 0
   nstdisreout                    = 100
   orire-fc                       = 0
   orire-tau                      = 0
   nstorireout                    = 100
   free-energy                    = no
   cos-acceleration               = 0
   deform (3x3):
      deform[    0]={ 0.00000e+00,  0.00000e+00,  0.00000e+00}
      deform[    1]={ 0.00000e+00,  0.00000e+00,  0.00000e+00}
      deform[    2]={ 0.00000e+00,  0.00000e+00,  0.00000e+00}
   simulated-tempering            = false
   swapcoords                     = no
   userint1                       = 0
   userint2                       = 0
   userint3                       = 0
   userint4                       = 0
   userreal1                      = 0
   userreal2                      = 0
   userreal3                      = 0
   userreal4                      = 0
   applied-forces:
     electric-field:
       x:
         E0                       = 0
         omega                    = 0
         t0                       = 0
         sigma                    = 0
       y:
         E0                       = 0
         omega                    = 0
         t0                       = 0
         sigma                    = 0
       z:
         E0                       = 0
         omega                    = 0
         t0                       = 0
         sigma                    = 0
     density-guided-simulation:
       active                     = false
       group                      = protein
       similarity-measure         = inner-product
       atom-spreading-weight      = unity
       force-constant             = 1e+09
       gaussian-transform-spreading-width = 0.2
       gaussian-transform-spreading-range-in-multiples-of-width = 4
       reference-density-filename = reference.mrc
       nst                        = 1
       normalize-densities        = true
       adaptive-force-scaling     = false
       adaptive-force-scaling-time-constant = 4
       shift-vector               = 
       transformation-matrix      = 
     qmmm-cp2k:
       active                     = false
       qmgroup                    = System
       qmmethod                   = PBE
       qmfilenames                = 
       qmcharge                   = 0
       qmmultiplicity             = 1
grpopts:
   nrdf:         317
   ref-t:         300
   tau-t:         0.1
annealing:          No
annealing-npoints:           0
   acc:	           0           0           0
   nfreeze:           N           N           N
   energygrp-flags[  0]: 0

Changing nstlist from 40 to 100, rlist from 1 to 1

When checking whether update groups are usable:
  At least one moleculetype does not conform to the requirements for using update groups

Initializing Domain Decomposition on 1 ranks
Dynamic load balancing: auto
Minimum cell size due to atom displacement: 0.710 nm
Initial maximum distances in bonded interactions:
    two-body bonded interactions: 0.393 nm, LJ-14, atoms 1 4
  multi-body bonded interactions: 0.393 nm, Proper Dih., atoms 1 4
Minimum cell size due to bonded interactions: 0.432 nm
Maximum distance for 5 constraints, at 120 deg. angles, all-trans: 0.218 nm
Estimated maximum distance required for P-LINCS: 0.218 nm
Using 0 separate PME ranks because: there are too few total ranks for efficient splitting
Optimizing the DD grid for 1 cells with a minimum initial size of 0.710 nm
The maximum allowed number of cells is: X 7 Y 7 Z 7
Domain decomposition grid 1 x 1 x 1, separate PME ranks 0
PME domain decomposition: 1 x 1 x 1

The initial number of communication pulses is:
The initial domain decomposition cell size is:

The maximum allowed distance for atoms involved in interactions is:
                 non-bonded interactions           1.000 nm
            two-body bonded interactions  (-rdd)   1.000 nm
          multi-body bonded interactions  (-rdd)   1.000 nm
  atoms separated by up to 5 constraints  (-rcon)  5.000 nm

When dynamic load balancing gets turned on, these settings will change to:
The maximum number of communication pulses is:
The minimum size for domain decomposition cells is 1.000 nm
The requested allowed shrink of DD cells (option -dds) is: 0.80
The allowed shrink of domain decomposition cells is:
The maximum allowed distance for atoms involved in interactions is:
                 non-bonded interactions           1.000 nm
            two-body bonded interactions  (-rdd)   1.000 nm
          multi-body bonded interactions  (-rdd)   1.000 nm
  atoms separated by up to 5 constraints  (-rcon)  1.000 nm

Using 1 MPI thread
System total charge: -0.000
Will do PME sum in reciprocal space for LJ dispersion interactions.

++++ PLEASE READ AND CITE THE FOLLOWING REFERENCE ++++
U. Essmann, L. Perera, M. L. Berkowitz, T. Darden, H. Lee and L. G. Pedersen 
A smooth particle mesh Ewald method
J. Chem. Phys. 103 (1995) pp. 8577-8592
-------- -------- --- Thank You --- -------- --------

Using a Gaussian width (1/beta) of 0.298423 nm for LJ Ewald
Will do PME sum in reciprocal space for electrostatic interactions.

++++ PLEASE READ AND CITE THE FOLLOWING REFERENCE ++++
U. Essmann, L. Perera, M. L. Berkowitz, T. Darden, H. Lee and L. G. Pedersen 
A smooth particle mesh Ewald method
J. Chem. Phys. 103 (1995) pp. 8577-8592
-------- -------- --- Thank You --- -------- --------

Using a Gaussian width (1/beta) of 0.320163 nm for Ewald
Potential shift: LJ r^-12: -1.000e+00 r^-6: -1.000e-03, Ewald -1.000e-05
Initialized non-bonded Coulomb Ewald tables, spacing: 9.33e-04 size: 1073

Using shifted Lennard-Jones, switch between 0 and 1 nm
Generated table with 1000 data points for 1-4 COUL.
Tabscale = 500 points/nm
Generated table with 1000 data points for 1-4 LJ6.
Tabscale = 500 points/nm
Generated table with 1000 data points for 1-4 LJ12.
Tabscale = 500 points/nm
Long Range LJ corr.: <C6> 1.3521e-05


Using SIMD 4x4 nonbonded short-range kernels

Using a 4x4 pair-list setup:
  updated every 100 steps, buffer 0.000 nm, rlist 1.000 nm
At tolerance 0.005 kJ/mol/ps per atom, equivalent classical 1x1 list would be:
  updated every 100 steps, buffer 0.000 nm, rlist 1.000 nm
Removing pbc first time

Linking all bonded interactions to atoms


Will apply potential COM pulling
with 1 pull coordinate and 1 group
with an absolute reference
Pull group 1:     1 atoms, mass    14.007

Initializing Parallel LINear Constraint Solver

++++ PLEASE READ AND CITE THE FOLLOWING REFERENCE ++++
B. Hess
P-LINCS: A Parallel Linear Constraint Solver for molecular simulation
J. Chem. Theory Comput. 4 (2008) pp. 116-122
-------- -------- --- Thank You --- -------- --------

The number of constraints is 82
There are constraints between atoms in different decomposition domains,
will communicate selected coordinates each lincs iteration

++++ PLEASE READ AND CITE THE FOLLOWING REFERENCE ++++
G. Bussi, D. Donadio and M. Parrinello
Canonical sampling through velocity rescaling
J. Chem. Phys. 126 (2007) pp. 014101
-------- -------- --- Thank You --- -------- --------

There are: 134 Atoms

Atom distribution over 1 domains: av 134 stddev 0 min 134 max 134

Constraining the starting coordinates (step 0)

Constraining the coordinates at t0-dt (step 0)
Center of mass motion removal mode is Linear
We have the following groups for center of mass motion removal:
  0:  rest
RMS relative constraint deviation after constraining: 3.11e-06
Initial temperature: 307.267 K

Started mdrun on rank 0 Sat Feb  3 14:42:48 2024

           Step           Time
              0        0.00000

   Energies (kJ/mol)
           Bond          Angle    Proper Dih.Periodic Improper Dih.          LJ-14
    2.74120e+02    1.06151e+03    4.13783e+02    5.23838e-03    1.34892e+02
     Coulomb-14        LJ (SR)  Disper. corr.   Coulomb (SR)   Coul. recip.
    1.94215e+02    1.85130e+02   -7.22968e-03   -5.30922e+02    1.54594e+02
      LJ recip.   COM Pull En.      Potential    Kinetic En.   Total Energy
   -1.66691e+02   -1.91000e+02    1.52963e+03    5.15416e+02    2.04504e+03
  Conserved En.    Temperature Pres. DC (bar) Pressure (bar)   Constr. rmsd
    2.04504e+03    3.91106e+02   -1.08075e-03    2.17353e+02    4.78865e-06

           Step           Time
           1000        2.00000

   Energies (kJ/mol)
           Bond          Angle    Proper Dih.Periodic Improper Dih.          LJ-14
    6.09706e+01    1.61420e+02    5.02077e+02    4.12025e+00    7.95426e+01
     Coulomb-14        LJ (SR)  Disper. corr.   Coulomb (SR)   Coul. recip.
    1.42101e+02    1.08643e+02   -7.22968e-03   -5.15153e+02    1.12552e+02
      LJ recip.   COM Pull En.      Potential    Kinetic En.   Total Energy
   -1.57402e+02   -1.70513e+03   -1.20626e+03    4.05497e+02   -8.00767e+02
  Conserved En.    Temperature Pres. DC (bar) Pressure (bar)   Constr. rmsd
    1.81135e+03    3.07697e+02   -1.08075e-03   -5.80312e+01    1.57923e-06

           Step           Time
           2000        4.00000

   Energies (kJ/mol)
           Bond          Angle    Proper Dih.Periodic Improper Dih.          LJ-14
    7.05223e+01    1.78535e+02    5.03988e+02    9.19972e+00    1.13381e+02
     Coulomb-14        LJ (SR)  Disper. corr.   Coulomb (SR)   Coul. recip.
    1.30663e+02    1.39129e+02   -7.22968e-03   -5.23139e+02    1.07554e+02
      LJ recip.   COM Pull En.      Potential    Kinetic En.   Total Energy
   -1.51020e+02   -1.87364e+03   -1.29484e+03    4.47677e+02   -8.47158e+02
  Conserved En.    Temperature Pres. DC (bar) Pressure (bar)   Constr. rmsd
    1.54276e+03    3.39705e+02   -1.08075e-03    5.88577e+01    1.82952e-06

           Step           Time
           3000        6.00000

   Energies (kJ/mol)
           Bond          Angle    Proper Dih.Periodic Improper Dih.          LJ-14
    1.05768e+02    2.40677e+02    4.56222e+02    9.34248e-01    5.51687e+01
     Coulomb-14        LJ (SR)  Disper. corr.   Coulomb (SR)   Coul. recip.
    1.49907e+02    9.99620e+01   -7.22968e-03   -5.17129e+02    1.15220e+02
      LJ recip.   COM Pull En.      Potential    Kinetic En.   Total Energy
   -1.46267e+02   -2.24029e+03   -1.67983e+03    3.65860e+02   -1.31397e+03
  Conserved En.    Temperature Pres. DC (bar) Pressure (bar)   Constr. rmsd
    1.28544e+03    2.77620e+02   -1.08075e-03   -1.27834e+02    2.52901e-06

           Step           Time
           4000        8.00000

   Energies (kJ/mol)
           Bond          Angle    Proper Dih.Periodic Improper Dih.          LJ-14
    1.24293e+02    2.71670e+02    4.63195e+02    2.58497e+00    7.26973e+01
     Coulomb-14        LJ (SR)  Disper. corr.   Coulomb (SR)   Coul. recip.
    1.33184e+02    1.03846e+02   -7.22968e-03   -5.19028e+02    9.97939e+01
      LJ recip.   COM Pull En.      Potential    Kinetic En.   Total Energy
   -1.51421e+02   -2.54152e+03   -1.94071e+03    4.56550e+02   -1.48416e+03
  Conserved En.    Temperature Pres. DC (bar) Pressure (bar)   Constr. rmsd
    1.02175e+03    3.46437e+02   -1.08075e-03   -1.03646e+02    2.11928e-06

           Step           Time
           5000       10.00000

   Energies (kJ/mol)
           Bond          Angle    Proper Dih.Periodic Improper Dih.          LJ-14
    1.00105e+02    2.53928e+02    4.55292e+02    7.59171e+00    8.46444e+01
     Coulomb-14        LJ (SR)  Disper. corr.   Coulomb (SR)   Coul. recip.
    1.26775e+02    1.13825e+02   -7.22968e-03   -5.10716e+02    1.05054e+02
      LJ recip.   COM Pull En.      Potential    Kinetic En.   Total Energy
   -1.57388e+02    2.16729e+03    2.74640e+03    3.98403e+02    3.14480e+03
  Conserved En.    Temperature Pres. DC (bar) Pressure (bar)   Constr. rmsd
    5.75522e+03    3.02314e+02   -1.08075e-03   -1.06051e+02    2.07219e-06

           Step           Time
           6000       12.00000

   Energies (kJ/mol)
           Bond          Angle    Proper Dih.Periodic Improper Dih.          LJ-14
    8.32791e+01    2.73655e+02    5.21927e+02    1.39979e+00    8.23306e+01
     Coulomb-14        LJ (SR)  Disper. corr.   Coulomb (SR)   Coul. recip.
    1.28200e+02    1.00167e+02   -7.22968e-03   -5.11074e+02    1.08253e+02
      LJ recip.   COM Pull En.      Potential    Kinetic En.   Total Energy
   -1.54248e+02    1.91683e+03    2.55071e+03    4.16270e+02    2.96698e+03
  Conserved En.    Temperature Pres. DC (bar) Pressure (bar)   Constr. rmsd
    5.48921e+03    3.15873e+02   -1.08075e-03   -6.69005e+01    2.62375e-06

           Step           Time
           7000       14.00000

   Energies (kJ/mol)
           Bond          Angle    Proper Dih.Periodic Improper Dih.          LJ-14
    9.18245e+01    2.47802e+02    4.32411e+02    2.27841e-01    8.11892e+01
     Coulomb-14        LJ (SR)  Disper. corr.   Coulomb (SR)   Coul. recip.
    1.23097e+02    1.07691e+02   -7.22968e-03   -5.02579e+02    1.11409e+02
      LJ recip.   COM Pull En.      Potential    Kinetic En.   Total Energy
   -1.58036e+02    1.66844e+03    2.20347e+03    4.09444e+02    2.61292e+03
  Conserved En.    Temperature Pres. DC (bar) Pressure (bar)   Constr. rmsd
    5.23671e+03    3.10692e+02   -1.08075e-03   -1.00911e+02    2.42205e-06

           Step           Time
           8000       16.00000

   Energies (kJ/mol)
           Bond          Angle    Proper Dih.Periodic Improper Dih.          LJ-14
    9.13930e+01    2.59028e+02    4.60871e+02    1.81015e+00    7.31196e+01
     Coulomb-14        LJ (SR)  Disper. corr.   Coulomb (SR)   Coul. recip.
    1.24884e+02    9.36693e+01   -7.22968e-03   -4.90087e+02    1.10243e+02
      LJ recip.   COM Pull En.      Potential    Kinetic En.   Total Energy
   -1.58766e+02    1.38406e+03    1.95022e+03    3.87156e+02    2.33738e+03
  Conserved En.    Temperature Pres. DC (bar) Pressure (bar)   Constr. rmsd
    4.97529e+03    2.93780e+02   -1.08075e-03   -4.09431e+01    2.79805e-06

           Step           Time
           9000       18.00000

   Energies (kJ/mol)
           Bond          Angle    Proper Dih.Periodic Improper Dih.          LJ-14
    8.33426e+01    2.45380e+02    4.66907e+02    4.82393e+00    6.74821e+01
     Coulomb-14        LJ (SR)  Disper. corr.   Coulomb (SR)   Coul. recip.
    1.24740e+02    1.01857e+02   -7.22968e-03   -5.00166e+02    1.14067e+02
      LJ recip.   COM Pull En.      Potential    Kinetic En.   Total Energy
   -1.51000e+02    1.07443e+03    1.63186e+03    3.83236e+02    2.01510e+03
  Conserved En.    Temperature Pres. DC (bar) Pressure (bar)   Constr. rmsd
    4.71571e+03    2.90806e+02   -1.08075e-03   -9.96248e+01    2.86175e-06

           Step           Time
          10000       20.00000

   Energies (kJ/mol)
           Bond          Angle    Proper Dih.Periodic Improper Dih.          LJ-14
    1.04953e+02    2.55798e+02    4.44851e+02    5.18841e+00    7.98492e+01
     Coulomb-14        LJ (SR)  Disper. corr.   Coulomb (SR)   Coul. recip.
    1.24533e+02    1.08900e+02   -7.22968e-03   -5.08463e+02    1.03957e+02
      LJ recip.   COM Pull En.      Potential    Kinetic En.   Total Energy
   -1.56992e+02    8.23200e+02    1.38577e+03    3.83424e+02    1.76919e+03
  Conserved En.    Temperature Pres. DC (bar) Pressure (bar)   Constr. rmsd
    4.45762e+03    2.90948e+02   -1.08075e-03   -5.70984e+01    2.99509e-06

           Step           Time
          11000       22.00000

   Energies (kJ/mol)
           Bond          Angle    Proper Dih.Periodic Improper Dih.          LJ-14
    9.21506e+01    3.18164e+02    4.50186e+02    4.48585e+00    8.48865e+01
     Coulomb-14        LJ (SR)  Disper. corr.   Coulomb (SR)   Coul. recip.
    1.16388e+02    9.72438e+01   -7.22968e-03   -5.00498e+02    1.12440e+02
      LJ recip.   COM Pull En.      Potential    Kinetic En.   Total Energy
   -1.52816e+02    5.45378e+02    1.16800e+03    4.12503e+02    1.58050e+03
  Conserved En.    Temperature Pres. DC (bar) Pressure (bar)   Constr. rmsd
    4.18350e+03    3.13014e+02   -1.08075e-03   -4.54983e+01    2.38601e-06

           Step           Time
          12000       24.00000

   Energies (kJ/mol)
           Bond          Angle    Proper Dih.Periodic Improper Dih.          LJ-14
    9.08412e+01    2.97978e+02    4.37211e+02    8.21850e-01    7.05763e+01
     Coulomb-14        LJ (SR)  Disper. corr.   Coulomb (SR)   Coul. recip.
    1.21805e+02    9.78723e+01   -7.22968e-03   -5.00411e+02    1.05944e+02
      LJ recip.   COM Pull En.      Potential    Kinetic En.   Total Energy
   -1.58963e+02    2.96691e+02    8.60360e+02    4.37285e+02    1.29764e+03
  Conserved En.    Temperature Pres. DC (bar) Pressure (bar)   Constr. rmsd
    3.91566e+03    3.31819e+02   -1.08075e-03   -7.38180e+01    2.31804e-06

           Step           Time
          13000       26.00000

   Energies (kJ/mol)
           Bond          Angle    Proper Dih.Periodic Improper Dih.          LJ-14
    1.11200e+02    2.77012e+02    4.51948e+02    1.24034e+00    8.19621e+01
     Coulomb-14        LJ (SR)  Disper. corr.   Coulomb (SR)   Coul. recip.
    1.23968e+02    9.81769e+01   -7.22968e-03   -5.02638e+02    1.01660e+02
      LJ recip.   COM Pull En.      Potential    Kinetic En.   Total Energy
   -1.59241e+02    4.73080e+01    6.32590e+02    3.83515e+02    1.01610e+03
  Conserved En.    Temperature Pres. DC (bar) Pressure (bar)   Constr. rmsd
    3.66162e+03    2.91018e+02   -1.08075e-03   -6.74150e+01    2.59146e-06

           Step           Time
          14000       28.00000

   Energies (kJ/mol)
           Bond          Angle    Proper Dih.Periodic Improper Dih.          LJ-14
    8.06999e+01    2.56782e+02    4.51933e+02    3.03146e+00    8.00610e+01
     Coulomb-14        LJ (SR)  Disper. corr.   Coulomb (SR)   Coul. recip.
    1.15840e+02    1.00624e+02   -7.22968e-03   -4.93831e+02    1.08237e+02
      LJ recip.   COM Pull En.      Potential    Kinetic En.   Total Energy
   -1.52649e+02   -2.60694e+02    2.90028e+02    4.27249e+02    7.17277e+02
  Conserved En.    Temperature Pres. DC (bar) Pressure (bar)   Constr. rmsd
    3.38645e+03    3.24204e+02   -1.08075e-03   -4.16213e+01    2.68183e-06

           Step           Time
          15000       30.00000

   Energies (kJ/mol)
           Bond          Angle    Proper Dih.Periodic Improper Dih.          LJ-14
    7.50267e+01    2.80230e+02    4.38701e+02    1.05146e+00    7.69074e+01
     Coulomb-14        LJ (SR)  Disper. corr.   Coulomb (SR)   Coul. recip.
    1.18974e+02    1.02659e+02   -7.22968e-03   -4.99022e+02    1.06680e+02
      LJ recip.   COM Pull En.      Potential    Kinetic En.   Total Energy
   -1.55231e+02   -5.11636e+02    3.43331e+01    4.09002e+02    4.43335e+02
  Conserved En.    Temperature Pres. DC (bar) Pressure (bar)   Constr. rmsd
    3.11817e+03    3.10357e+02   -1.08075e-03   -1.27698e+01    2.40876e-06

           Step           Time
          16000       32.00000

   Energies (kJ/mol)
           Bond          Angle    Proper Dih.Periodic Improper Dih.          LJ-14
    7.68722e+01    3.12262e+02    4.41245e+02    8.48667e+00    7.68861e+01
     Coulomb-14        LJ (SR)  Disper. corr.   Coulomb (SR)   Coul. recip.
    1.27364e+02    1.05279e+02   -7.22968e-03   -5.11033e+02    1.14678e+02
      LJ recip.   COM Pull En.      Potential    Kinetic En.   Total Energy
   -1.55007e+02   -7.64249e+02   -1.67222e+02    3.39779e+02    1.72557e+02
  Conserved En.    Temperature Pres. DC (bar) Pressure (bar)   Constr. rmsd
    2.84855e+03    2.57830e+02   -1.08075e-03   -1.19069e+01    3.02397e-06

           Step           Time
          17000       34.00000

   Energies (kJ/mol)
           Bond          Angle    Proper Dih.Periodic Improper Dih.          LJ-14
    1.03289e+02    2.47266e+02    4.42301e+02    4.52746e+00    7.51589e+01
     Coulomb-14        LJ (SR)  Disper. corr.   Coulomb (SR)   Coul. recip.
    1.21829e+02    9.90616e+01   -7.22968e-03   -5.04756e+02    1.10300e+02
      LJ recip.   COM Pull En.      Potential    Kinetic En.   Total Energy
   -1.57506e+02   -1.03474e+03   -4.93275e+02    4.40666e+02   -5.26089e+01
  Conserved En.    Temperature Pres. DC (bar) Pressure (bar)   Constr. rmsd
    2.57192e+03    3.34385e+02   -1.08075e-03   -6.08263e+01    2.95129e-06

           Step           Time
          18000       36.00000

   Energies (kJ/mol)
           Bond          Angle    Proper Dih.Periodic Improper Dih.          LJ-14
    9.37904e+01    2.98356e+02    4.28602e+02    3.18343e+00    8.43553e+01
     Coulomb-14        LJ (SR)  Disper. corr.   Coulomb (SR)   Coul. recip.
    1.21090e+02    1.11044e+02   -7.22968e-03   -5.08161e+02    1.09218e+02
      LJ recip.   COM Pull En.      Potential    Kinetic En.   Total Energy
   -1.55295e+02   -1.29481e+03   -7.08635e+02    4.51069e+02   -2.57566e+02
  Conserved En.    Temperature Pres. DC (bar) Pressure (bar)   Constr. rmsd
    2.30665e+03    3.42278e+02   -1.08075e-03   -3.33118e+01    3.11328e-06

           Step           Time
          19000       38.00000

   Energies (kJ/mol)
           Bond          Angle    Proper Dih.Periodic Improper Dih.          LJ-14
    1.42669e+02    2.97884e+02    4.37454e+02    1.91784e+00    6.64920e+01
     Coulomb-14        LJ (SR)  Disper. corr.   Coulomb (SR)   Coul. recip.
    1.19795e+02    9.90349e+01   -7.22968e-03   -5.08603e+02    1.08839e+02
      LJ recip.   COM Pull En.      Potential    Kinetic En.   Total Energy
   -1.57166e+02   -1.59531e+03   -9.87003e+02    3.74998e+02   -6.12005e+02
  Conserved En.    Temperature Pres. DC (bar) Pressure (bar)   Constr. rmsd
    2.04620e+03    2.84554e+02   -1.08075e-03   -1.06356e+02    2.37698e-06

           Step           Time
          20000       40.00000

   Energies (kJ/mol)
           Bond          Angle    Proper Dih.Periodic Improper Dih.          LJ-14
    8.98802e+01    2.61837e+02    4.33381e+02    1.30071e+00    7.84248e+01
     Coulomb-14        LJ (SR)  Disper. corr.   Coulomb (SR)   Coul. recip.
    1.28405e+02    9.69977e+01   -7.22968e-03   -4.97824e+02    1.07306e+02
      LJ recip.   COM Pull En.      Potential    Kinetic En.   Total Energy
   -1.58683e+02   -1.83341e+03   -1.29239e+03    4.44205e+02   -8.48186e+02
  Conserved En.    Temperature Pres. DC (bar) Pressure (bar)   Constr. rmsd
    1.77913e+03    3.37070e+02   -1.08075e-03   -6.94127e+01    2.62454e-06

           Step           Time
          21000       42.00000

   Energies (kJ/mol)
           Bond          Angle    Proper Dih.Periodic Improper Dih.          LJ-14
    9.33463e+01    2.93279e+02    4.31604e+02    3.53533e+00    6.91731e+01
     Coulomb-14        LJ (SR)  Disper. corr.   Coulomb (SR)   Coul. recip.
    1.26579e+02    1.10092e+02   -7.22968e-03   -5.01816e+02    1.07297e+02
      LJ recip.   COM Pull En.      Potential    Kinetic En.   Total Energy
   -1.55706e+02   -2.11258e+03   -1.53520e+03    3.93877e+02   -1.14133e+03
  Conserved En.    Temperature Pres. DC (bar) Pressure (bar)   Constr. rmsd
    1.51713e+03    2.98880e+02   -1.08075e-03   -1.12783e+02    2.88595e-06

           Step           Time
          22000       44.00000

   Energies (kJ/mol)
           Bond          Angle    Proper Dih.Periodic Improper Dih.          LJ-14
    7.85308e+01    3.57915e+02    4.45791e+02    5.91147e-01    8.63450e+01
     Coulomb-14        LJ (SR)  Disper. corr.   Coulomb (SR)   Coul. recip.
    1.20786e+02    1.00385e+02   -7.22968e-03   -5.06714e+02    1.01656e+02
      LJ recip.   COM Pull En.      Potential    Kinetic En.   Total Energy
   -1.54951e+02    2.64511e+03    3.27544e+03    4.46982e+02    3.72242e+03
  Conserved En.    Temperature Pres. DC (bar) Pressure (bar)   Constr. rmsd
    6.25247e+03    3.39177e+02   -1.08075e-03   -1.57748e+01    4.17268e-06

           Step           Time
          23000       46.00000

   Energies (kJ/mol)
           Bond          Angle    Proper Dih.Periodic Improper Dih.          LJ-14
    9.08983e+01    3.05406e+02    4.31532e+02    7.39266e+00    8.06810e+01
     Coulomb-14        LJ (SR)  Disper. corr.   Coulomb (SR)   Coul. recip.
    1.25455e+02    1.01061e+02   -7.22968e-03   -5.07327e+02    1.09129e+02
      LJ recip.   COM Pull En.      Potential    Kinetic En.   Total Energy
   -1.58242e+02    2.35978e+03    2.94576e+03    3.84051e+02    3.32981e+03
  Conserved En.    Temperature Pres. DC (bar) Pressure (bar)   Constr. rmsd
    5.99435e+03    2.91424e+02   -1.08075e-03   -5.87614e+01    2.56848e-06

           Step           Time
          24000       48.00000

   Energies (kJ/mol)
           Bond          Angle    Proper Dih.Periodic Improper Dih.          LJ-14
    7.96406e+01    3.18748e+02    4.41113e+02    1.91427e+00    7.57783e+01
     Coulomb-14        LJ (SR)  Disper. corr.   Coulomb (SR)   Coul. recip.
    1.19700e+02    9.86371e+01   -7.22968e-03   -4.97075e+02    1.05997e+02
      LJ recip.   COM Pull En.      Potential    Kinetic En.   Total Energy
   -1.55398e+02    2.08403e+03    2.67308e+03    3.96916e+02    3.07000e+03
  Conserved En.    Temperature Pres. DC (bar) Pressure (bar)   Constr. rmsd
    5.73237e+03    3.01187e+02   -1.08075e-03   -8.15992e+01    2.88228e-06

           Step           Time
          25000       50.00000

   Energies (kJ/mol)
           Bond          Angle    Proper Dih.Periodic Improper Dih.          LJ-14
    9.90488e+01    3.06044e+02    4.31483e+02    1.41753e+00    1.00572e+02
     Coulomb-14        LJ (SR)  Disper. corr.   Coulomb (SR)   Coul. recip.
    1.31260e+02    1.15946e+02   -7.22968e-03   -5.06447e+02    1.06936e+02
      LJ recip.   COM Pull En.      Potential    Kinetic En.   Total Energy
   -1.55742e+02    1.85594e+03    2.48645e+03    4.46414e+02    2.93286e+03
  Conserved En.    Temperature Pres. DC (bar) Pressure (bar)   Constr. rmsd
    5.46951e+03    3.38746e+02   -1.08075e-03   -3.68952e+01    3.27169e-06

           Step           Time
          26000       52.00000

   Energies (kJ/mol)
           Bond          Angle    Proper Dih.Periodic Improper Dih.          LJ-14
    9.30648e+01    2.90620e+02    4.41190e+02    5.61576e-01    6.56104e+01
     Coulomb-14        LJ (SR)  Disper. corr.   Coulomb (SR)   Coul. recip.
    1.24583e+02    9.97939e+01   -7.22968e-03   -4.95759e+02    1.10682e+02
      LJ recip.   COM Pull En.      Potential    Kinetic En.   Total Energy
   -1.53239e+02    1.57199e+03    2.14909e+03    3.63526e+02    2.51262e+03
  Conserved En.    Temperature Pres. DC (bar) Pressure (bar)   Constr. rmsd
    5.21104e+03    2.75850e+02   -1.08075e-03   -9.98390e+01    2.98983e-06

           Step           Time
          27000       54.00000

   Energies (kJ/mol)
           Bond          Angle    Proper Dih.Periodic Improper Dih.          LJ-14
    7.08116e+01    2.68891e+02    4.22672e+02    1.38561e+00    8.55461e+01
     Coulomb-14        LJ (SR)  Disper. corr.   Coulomb (SR)   Coul. recip.
    1.26215e+02    1.06093e+02   -7.22968e-03   -5.04630e+02    9.98307e+01
      LJ recip.   COM Pull En.      Potential    Kinetic En.   Total Energy
   -1.55842e+02    1.31900e+03    1.83996e+03    3.92033e+02    2.23200e+03
  Conserved En.    Temperature Pres. DC (bar) Pressure (bar)   Constr. rmsd
    4.94056e+03    2.97481e+02   -1.08075e-03   -5.30650e+01    3.07793e-06

           Step           Time
          28000       56.00000

   Energies (kJ/mol)
           Bond          Angle    Proper Dih.Periodic Improper Dih.          LJ-14
    7.91772e+01    2.40555e+02    4.47715e+02    5.57953e+00    7.26949e+01
     Coulomb-14        LJ (SR)  Disper. corr.   Coulomb (SR)   Coul. recip.
    1.25345e+02    9.41474e+01   -7.22968e-03   -5.02972e+02    1.10992e+02
      LJ recip.   COM Pull En.      Potential    Kinetic En.   Total Energy
   -1.56592e+02    1.04371e+03    1.56035e+03    3.89751e+02    1.95010e+03
  Conserved En.    Temperature Pres. DC (bar) Pressure (bar)   Constr. rmsd
    4.67859e+03    2.95750e+02   -1.08075e-03   -8.02530e+01    3.13047e-06

           Step           Time
          29000       58.00000

   Energies (kJ/mol)
           Bond          Angle    Proper Dih.Periodic Improper Dih.          LJ-14
    9.02290e+01    2.64212e+02    4.54896e+02    2.80933e+00    8.12196e+01
     Coulomb-14        LJ (SR)  Disper. corr.   Coulomb (SR)   Coul. recip.
    1.22366e+02    1.10056e+02   -7.22968e-03   -5.01823e+02    1.05567e+02
      LJ recip.   COM Pull En.      Potential    Kinetic En.   Total Energy
   -1.60505e+02    7.50570e+02    1.31959e+03    3.86323e+02    1.70591e+03
  Conserved En.    Temperature Pres. DC (bar) Pressure (bar)   Constr. rmsd
    4.42638e+03    2.93148e+02   -1.08075e-03   -7.43038e+01    3.09745e-06

           Step           Time
          30000       60.00000

   Energies (kJ/mol)
           Bond          Angle    Proper Dih.Periodic Improper Dih.          LJ-14
    1.05563e+02    3.33142e+02    4.25987e+02    7.28385e-01    6.86759e+01
     Coulomb-14        LJ (SR)  Disper. corr.   Coulomb (SR)   Coul. recip.
    1.26054e+02    9.55258e+01   -7.22968e-03   -4.95176e+02    1.09812e+02
      LJ recip.   COM Pull En.      Potential    Kinetic En.   Total Energy
   -1.55349e+02    4.90148e+02    1.10510e+03    3.91064e+02    1.49617e+03
  Conserved En.    Temperature Pres. DC (bar) Pressure (bar)   Constr. rmsd
    4.16062e+03    2.96746e+02   -1.08075e-03   -1.35903e+02    2.96800e-06

           Step           Time
          31000       62.00000

   Energies (kJ/mol)
           Bond          Angle    Proper Dih.Periodic Improper Dih.          LJ-14
    9.70180e+01    3.02912e+02    4.31026e+02    3.70508e+00    6.52947e+01
     Coulomb-14        LJ (SR)  Disper. corr.   Coulomb (SR)   Coul. recip.
    1.27696e+02    9.24148e+01   -7.22968e-03   -5.01314e+02    1.04402e+02
      LJ recip.   COM Pull En.      Potential    Kinetic En.   Total Energy
   -1.53582e+02    2.51329e+02    8.20894e+02    4.10963e+02    1.23186e+03
  Conserved En.    Temperature Pres. DC (bar) Pressure (bar)   Constr. rmsd
    3.89385e+03    3.11845e+02   -1.08075e-03   -9.58965e+01    3.03728e-06

           Step           Time
          32000       64.00000

   Energies (kJ/mol)
           Bond          Angle    Proper Dih.Periodic Improper Dih.          LJ-14
    1.15777e+02    2.92102e+02    4.37195e+02    3.99523e+00    7.11993e+01
     Coulomb-14        LJ (SR)  Disper. corr.   Coulomb (SR)   Coul. recip.
    1.17468e+02    9.32230e+01   -7.22968e-03   -5.04444e+02    1.06137e+02
      LJ recip.   COM Pull En.      Potential    Kinetic En.   Total Energy
   -1.54991e+02   -2.61171e+01    5.51536e+02    4.17571e+02    9.69107e+02
  Conserved En.    Temperature Pres. DC (bar) Pressure (bar)   Constr. rmsd
    3.62625e+03    3.16859e+02   -1.08075e-03   -6.51220e+01    3.30662e-06

           Step           Time
          33000       66.00000

   Energies (kJ/mol)
           Bond          Angle    Proper Dih.Periodic Improper Dih.          LJ-14
    1.25372e+02    3.13558e+02    4.36211e+02    6.72919e+00    8.59595e+01
     Coulomb-14        LJ (SR)  Disper. corr.   Coulomb (SR)   Coul. recip.
    1.09057e+02    1.11794e+02   -7.22968e-03   -5.08299e+02    1.08372e+02
      LJ recip.   COM Pull En.      Potential    Kinetic En.   Total Energy
   -1.54895e+02   -3.15526e+02    3.18325e+02    4.69511e+02    7.87837e+02
  Conserved En.    Temperature Pres. DC (bar) Pressure (bar)   Constr. rmsd
    3.35564e+03    3.56273e+02   -1.08075e-03   -2.56398e+01    3.90501e-06

           Step           Time
          34000       68.00000

   Energies (kJ/mol)
           Bond          Angle    Proper Dih.Periodic Improper Dih.          LJ-14
    9.74007e+01    3.08569e+02    4.40163e+02    2.81202e+00    8.01580e+01
     Coulomb-14        LJ (SR)  Disper. corr.   Coulomb (SR)   Coul. recip.
    1.26864e+02    1.03512e+02   -7.22968e-03   -4.98600e+02    1.11011e+02
      LJ recip.   COM Pull En.      Potential    Kinetic En.   Total Energy
   -1.54319e+02   -5.49587e+02    6.79759e+01    4.02738e+02    4.70714e+02
  Conserved En.    Temperature Pres. DC (bar) Pressure (bar)   Constr. rmsd
    3.10195e+03    3.05604e+02   -1.08075e-03   -2.37344e+01    2.67953e-06

           Step           Time
          35000       70.00000

   Energies (kJ/mol)
           Bond          Angle    Proper Dih.Periodic Improper Dih.          LJ-14
    9.13841e+01    2.98663e+02    4.46488e+02    1.93923e+00    7.79037e+01
     Coulomb-14        LJ (SR)  Disper. corr.   Coulomb (SR)   Coul. recip.
    1.22476e+02    1.09033e+02   -7.22968e-03   -5.03153e+02    1.05358e+02
      LJ recip.   COM Pull En.      Potential    Kinetic En.   Total Energy
   -1.54962e+02   -8.25703e+02   -2.30579e+02    3.71974e+02    1.41394e+02
  Conserved En.    Temperature Pres. DC (bar) Pressure (bar)   Constr. rmsd
    2.83596e+03    2.82260e+02   -1.08075e-03   -1.27566e+02    2.90358e-06

           Step           Time
          36000       72.00000

   Energies (kJ/mol)
           Bond          Angle    Proper Dih.Periodic Improper Dih.          LJ-14
    8.47087e+01    2.98629e+02    4.29476e+02    4.63442e+00    8.34004e+01
     Coulomb-14        LJ (SR)  Disper. corr.   Coulomb (SR)   Coul. recip.
    1.20096e+02    9.27510e+01   -7.22968e-03   -4.96632e+02    1.12241e+02
      LJ recip.   COM Pull En.      Potential    Kinetic En.   Total Energy
   -1.58057e+02   -1.09625e+03   -5.25009e+02    4.10078e+02   -1.14931e+02
  Conserved En.    Temperature Pres. DC (bar) Pressure (bar)   Constr. rmsd
    2.57226e+03    3.11174e+02   -1.08075e-03   -3.95397e+01    2.49488e-06

           Step           Time
          37000       74.00000

   Energies (kJ/mol)
           Bond          Angle    Proper Dih.Periodic Improper Dih.          LJ-14
    1.28302e+02    2.91097e+02    4.36608e+02    3.08041e+00    7.84063e+01
     Coulomb-14        LJ (SR)  Disper. corr.   Coulomb (SR)   Coul. recip.
    1.09079e+02    1.02782e+02   -7.22968e-03   -4.97943e+02    1.08719e+02
      LJ recip.   COM Pull En.      Potential    Kinetic En.   Total Energy
   -1.57048e+02   -1.37140e+03   -7.68321e+02    4.15276e+02   -3.53045e+02
  Conserved En.    Temperature Pres. DC (bar) Pressure (bar)   Constr. rmsd
    2.30344e+03    3.15118e+02   -1.08075e-03   -7.77389e+01    2.77141e-06

           Step           Time
          38000       76.00000

   Energies (kJ/mol)
           Bond          Angle    Proper Dih.Periodic Improper Dih.          LJ-14
    1.24287e+02    2.82840e+02    4.33801e+02    7.99246e+00    7.06412e+01
     Coulomb-14        LJ (SR)  Disper. corr.   Coulomb (SR)   Coul. recip.
    1.19592e+02    9.77900e+01   -7.22968e-03   -4.98859e+02    1.06485e+02
      LJ recip.   COM Pull En.      Potential    Kinetic En.   Total Energy
   -1.55442e+02   -1.66838e+03   -1.07926e+03    4.11016e+02   -6.68241e+02
  Conserved En.    Temperature Pres. DC (bar) Pressure (bar)   Constr. rmsd
    2.04596e+03    3.11886e+02   -1.08075e-03   -1.46705e+02    2.73480e-06

           Step           Time
          39000       78.00000

   Energies (kJ/mol)
           Bond          Angle    Proper Dih.Periodic Improper Dih.          LJ-14
    1.16975e+02    2.99917e+02    4.45705e+02    2.26404e+00    7.24609e+01
     Coulomb-14        LJ (SR)  Disper. corr.   Coulomb (SR)   Coul. recip.
    1.21886e+02    9.55749e+01   -7.22968e-03   -4.95809e+02    1.10856e+02
      LJ recip.   COM Pull En.      Potential    Kinetic En.   Total Energy
   -1.58189e+02   -1.90466e+03   -1.29303e+03    3.65066e+02   -9.27962e+02
  Conserved En.    Temperature Pres. DC (bar) Pressure (bar)   Constr. rmsd
    1.78494e+03    2.77018e+02   -1.08075e-03   -1.46657e+02    2.86111e-06

           Step           Time
          40000       80.00000

   Energies (kJ/mol)
           Bond          Angle    Proper Dih.Periodic Improper Dih.          LJ-14
    9.45361e+01    3.27127e+02    4.26631e+02    4.32952e+00    8.22100e+01
     Coulomb-14        LJ (SR)  Disper. corr.   Coulomb (SR)   Coul. recip.
    1.18726e+02    1.05553e+02   -7.22968e-03   -5.04780e+02    1.07459e+02
      LJ recip.   COM Pull En.      Potential    Kinetic En.   Total Energy
   -1.59247e+02    2.84135e+03    3.44388e+03    4.34796e+02    3.87868e+03
  Conserved En.    Temperature Pres. DC (bar) Pressure (bar)   Constr. rmsd
    6.51630e+03    3.29930e+02   -1.08075e-03   -4.98909e+01    3.20699e-06

           Step           Time
          41000       82.00000

   Energies (kJ/mol)
           Bond          Angle    Proper Dih.Periodic Improper Dih.          LJ-14
    1.03278e+02    2.43593e+02    4.50902e+02    3.05309e+00    8.95677e+01
     Coulomb-14        LJ (SR)  Disper. corr.   Coulomb (SR)   Coul. recip.
    1.30848e+02    1.00343e+02   -7.22968e-03   -5.06004e+02    1.07142e+02
      LJ recip.   COM Pull En.      Potential    Kinetic En.   Total Energy
   -1.57226e+02    2.54860e+03    3.11409e+03    3.96110e+02    3.51020e+03
  Conserved En.    Temperature Pres. DC (bar) Pressure (bar)   Constr. rmsd
    6.24917e+03    3.00575e+02   -1.08075e-03   -4.99043e+01    3.05868e-06

           Step           Time
          42000       84.00000

   Energies (kJ/mol)
           Bond          Angle    Proper Dih.Periodic Improper Dih.          LJ-14
    8.03794e+01    2.82497e+02    4.39248e+02    9.22660e-01    8.28598e+01
     Coulomb-14        LJ (SR)  Disper. corr.   Coulomb (SR)   Coul. recip.
    1.24191e+02    9.81715e+01   -7.22968e-03   -4.95883e+02    1.09706e+02
      LJ recip.   COM Pull En.      Potential    Kinetic En.   Total Energy
   -1.56966e+02    2.29500e+03    2.86012e+03    3.98791e+02    3.25891e+03
  Conserved En.    Temperature Pres. DC (bar) Pressure (bar)   Constr. rmsd
    5.98267e+03    3.02609e+02   -1.08075e-03   -6.02712e+01    3.39562e-06

           Step           Time
          43000       86.00000

   Energies (kJ/mol)
           Bond          Angle    Proper Dih.Periodic Improper Dih.          LJ-14
    8.39312e+01    2.97643e+02    4.38452e+02    9.65852e-01    7.62547e+01
     Coulomb-14        LJ (SR)  Disper. corr.   Coulomb (SR)   Coul. recip.
    1.13057e+02    9.51366e+01   -7.22968e-03   -4.97435e+02    1.06867e+02
      LJ recip.   COM Pull En.      Potential    Kinetic En.   Total Energy
   -1.56175e+02    2.05355e+03    2.61224e+03    4.36918e+02    3.04915e+03
  Conserved En.    Temperature Pres. DC (bar) Pressure (bar)   Constr. rmsd
    5.72629e+03    3.31540e+02   -1.08075e-03   -1.03388e+02    4.43763e-06

           Step           Time
          44000       88.00000

   Energies (kJ/mol)
           Bond          Angle    Proper Dih.Periodic Improper Dih.          LJ-14
    7.67067e+01    2.96827e+02    4.36340e+02    3.46420e-01    7.87589e+01
     Coulomb-14        LJ (SR)  Disper. corr.   Coulomb (SR)   Coul. recip.
    1.20608e+02    1.01901e+02   -7.22968e-03   -5.04651e+02    1.07075e+02
      LJ recip.   COM Pull En.      Potential    Kinetic En.   Total Energy
   -1.61170e+02    1.76882e+03    2.32155e+03    4.17900e+02    2.73945e+03
  Conserved En.    Temperature Pres. DC (bar) Pressure (bar)   Constr. rmsd
    5.45811e+03    3.17109e+02   -1.08075e-03   -5.64047e+01    3.71844e-06

           Step           Time
          45000       90.00000

   Energies (kJ/mol)
           Bond          Angle    Proper Dih.Periodic Improper Dih.          LJ-14
    6.65628e+01    2.46674e+02    4.33315e+02    1.21544e+00    8.16678e+01
     Coulomb-14        LJ (SR)  Disper. corr.   Coulomb (SR)   Coul. recip.
    1.21466e+02    9.77000e+01   -7.22968e-03   -5.00059e+02    1.10208e+02
      LJ recip.   COM Pull En.      Potential    Kinetic En.   Total Energy
   -1.54691e+02    1.50409e+03    2.00814e+03    4.17613e+02    2.42576e+03
  Conserved En.    Temperature Pres. DC (bar) Pressure (bar)   Constr. rmsd
    5.19756e+03    3.16892e+02   -1.08075e-03   -2.04971e+01    4.47832e-06

           Step           Time
          46000       92.00000

   Energies (kJ/mol)
           Bond          Angle    Proper Dih.Periodic Improper Dih.          LJ-14
    9.60596e+01    3.05846e+02    4.30567e+02    7.99219e-01    7.40437e+01
     Coulomb-14        LJ (SR)  Disper. corr.   Coulomb (SR)   Coul. recip.
    1.18144e+02    9.34289e+01   -7.22968e-03   -4.99143e+02    1.02802e+02
      LJ recip.   COM Pull En.      Potential    Kinetic En.   Total Energy
   -1.61112e+02    1.22936e+03    1.79079e+03    4.31257e+02    2.22204e+03
  Conserved En.    Temperature Pres. DC (bar) Pressure (bar)   Constr. rmsd
    4.94001e+03    3.27245e+02   -1.08075e-03   -9.48841e+01    3.95554e-06

           Step           Time
          47000       94.00000

   Energies (kJ/mol)
           Bond          Angle    Proper Dih.Periodic Improper Dih.          LJ-14
    6.79936e+01    3.16329e+02    4.45193e+02    9.87938e-01    7.39919e+01
     Coulomb-14        LJ (SR)  Disper. corr.   Coulomb (SR)   Coul. recip.
    1.20815e+02    9.13361e+01   -7.22968e-03   -5.01450e+02    1.05460e+02
      LJ recip.   COM Pull En.      Potential    Kinetic En.   Total Energy
   -1.59201e+02    9.79520e+02    1.54097e+03    3.84455e+02    1.92543e+03
  Conserved En.    Temperature Pres. DC (bar) Pressure (bar)   Constr. rmsd
    4.68206e+03    2.91731e+02   -1.08075e-03   -9.11296e+01    2.71889e-06

           Step           Time
          48000       96.00000

   Energies (kJ/mol)
           Bond          Angle    Proper Dih.Periodic Improper Dih.          LJ-14
    8.41934e+01    2.61301e+02    4.34979e+02    1.84117e+00    7.89309e+01
     Coulomb-14        LJ (SR)  Disper. corr.   Coulomb (SR)   Coul. recip.
    1.20262e+02    1.00054e+02   -7.22968e-03   -4.94088e+02    1.12515e+02
      LJ recip.   COM Pull En.      Potential    Kinetic En.   Total Energy
   -1.57409e+02    7.04420e+02    1.24699e+03    4.19492e+02    1.66648e+03
  Conserved En.    Temperature Pres. DC (bar) Pressure (bar)   Constr. rmsd
    4.41648e+03    3.18317e+02   -1.08075e-03   -6.02799e+01    4.37589e-06

           Step           Time
          49000       98.00000

   Energies (kJ/mol)
           Bond          Angle    Proper Dih.Periodic Improper Dih.          LJ-14
    9.22709e+01    2.28070e+02    4.23326e+02    3.44307e+00    7.59200e+01
     Coulomb-14        LJ (SR)  Disper. corr.   Coulomb (SR)   Coul. recip.
    1.22010e+02    9.32471e+01   -7.22968e-03   -5.01023e+02    1.07965e+02
      LJ recip.   COM Pull En.      Potential    Kinetic En.   Total Energy
   -1.60132e+02    4.35513e+02    9.20602e+02    4.46383e+02    1.36699e+03
  Conserved En.    Temperature Pres. DC (bar) Pressure (bar)   Constr. rmsd
    4.15478e+03    3.38723e+02   -1.08075e-03   -1.18906e+01    4.63307e-06

           Step           Time
          50000      100.00000

Writing checkpoint, step 50000 at Sat Feb  3 14:44:13 2024


   Energies (kJ/mol)
           Bond          Angle    Proper Dih.Periodic Improper Dih.          LJ-14
    8.30648e+01    2.56392e+02    4.30605e+02    2.71297e+00    9.01756e+01
     Coulomb-14        LJ (SR)  Disper. corr.   Coulomb (SR)   Coul. recip.
    1.20703e+02    1.08723e+02   -7.22968e-03   -5.02417e+02    1.06621e+02
      LJ recip.   COM Pull En.      Potential    Kinetic En.   Total Energy
   -1.58571e+02    1.81701e+02    7.19703e+02    4.25950e+02    1.14565e+03
  Conserved En.    Temperature Pres. DC (bar) Pressure (bar)   Constr. rmsd
    3.88441e+03    3.23218e+02   -1.08075e-03    1.17219e+01    2.25050e-06


Energy conservation over simulation part #1 of length 100 ns, time 0 to 100 ns
  Conserved energy drift: 1.37e-01 kJ/mol/ps per atom


	<======  ###############  ==>
	<====  A V E R A G E S  ====>
	<==  ###############  ======>

	Statistics over 50001 steps using 501 frames

   Energies (kJ/mol)
           Bond          Angle    Proper Dih.Periodic Improper Dih.          LJ-14
    9.80909e+01    2.83886e+02    4.45285e+02    2.64012e+00    7.85838e+01
     Coulomb-14        LJ (SR)  Disper. corr.   Coulomb (SR)   Coul. recip.
    1.24131e+02    1.04200e+02   -7.22968e-03   -5.03266e+02    1.08302e+02
      LJ recip.   COM Pull En.      Potential    Kinetic En.   Total Energy
   -1.56111e+02    3.59921e+02    9.45655e+02    4.14816e+02    1.36047e+03
  Conserved En.    Temperature Pres. DC (bar) Pressure (bar)   Constr. rmsd
    3.98915e+03    3.14769e+02   -1.08075e-03   -6.74106e+01    0.00000e+00

   Total Virial (kJ/mol)
    1.36065e+02   -6.23562e+00    6.09541e+00
   -6.23554e+00    1.22846e+02    5.50654e+00
    6.09542e+00    5.50675e+00    9.17073e+02

   Pressure (bar)
   -2.94934e+00    1.22599e+00   -1.64753e+00
    1.22596e+00   -1.04048e+00   -1.47320e+00
   -1.64753e+00   -1.47326e+00   -1.98242e+02


	M E G A - F L O P S   A C C O U N T I N G

 NB=Group-cutoff nonbonded kernels    NxN=N-by-N cluster Verlet kernels
 RF=Reaction-Field  VdW=Van der Waals  QSTab=quadratic-spline table
 W3=SPC/TIP3p  W4=TIP4p (single or pairs)
 V&F=Potential and force  V=Potential only  F=Force only

 Computing:                               M-Number         M-Flops  % Flops
-----------------------------------------------------------------------------
 Pair Search distance check               1.916208          17.246     0.0
 NxN Ewald Elec. + LJ [F]               310.368960       31657.634     1.6
 NxN Ewald Elec. + LJ [V&F]               3.141400         439.796     0.0
 NxN Ewald Elec. [F]                      8.683488         529.693     0.0
 NxN Ewald Elec. [V&F]                    0.087784           7.374     0.0
 1,4 nonbonded interactions              17.800356        1602.032     0.1
 Calc Weights                            20.100402         723.614     0.0
 Spread Q Bspline                       857.617152        1715.234     0.1
 Gather F Bspline                       857.617152        5145.703     0.3
 3D-FFT                              239708.394072     1917667.153    96.9
 Solve PME                              176.403528       11289.826     0.6
 Reset In Box                             0.067134           0.201     0.0
 CG-CoM                                   0.067268           0.202     0.0
 Bonds                                    2.550051         150.453     0.0
 Angles                                  12.800256        2150.443     0.1
 Propers                                 22.050441        5049.551     0.3
 Impropers                                0.600012         124.802     0.0
 Virial                                   0.089679           1.614     0.0
 Stop-CM                                  0.067268           0.673     0.0
 Calc-Ekin                                1.340268          36.187     0.0
 Lincs                                    4.100246         246.015     0.0
 Lincs-Mat                               28.201692         112.807     0.0
 Constraint-V                             8.200328          73.803     0.0
 Constraint-Vir                           0.041082           0.986     0.0
-----------------------------------------------------------------------------
 Total                                                 1978743.042   100.0
-----------------------------------------------------------------------------


    D O M A I N   D E C O M P O S I T I O N   S T A T I S T I C S

 av. #atoms communicated per step for force:  2 x 0.0
 av. #atoms communicated per step for LINCS:  2 x 0.0


     R E A L   C Y C L E   A N D   T I M E   A C C O U N T I N G

On 1 MPI rank

 Computing:          Num   Num      Call    Wall time         Giga-Cycles
                     Ranks Threads  Count      (s)         total sum    %
-----------------------------------------------------------------------------
 Domain decomp.         1    1        501       0.031          0.001   0.0
 Neighbor search        1    1        501       0.017          0.000   0.0
 Force                  1    1      50001       1.476          0.035   1.7
 PME mesh               1    1      50001      82.625          1.983  97.9
 NB X/F buffer ops.     1    1      99501       0.019          0.000   0.0
 COM pull force         1    1      50001       0.011          0.000   0.0
 Write traj.            1    1        201       0.016          0.000   0.0
 Update                 1    1      50001       0.060          0.001   0.1
 Constraints            1    1      50003       0.111          0.003   0.1
 Rest                                           0.040          0.001   0.0
-----------------------------------------------------------------------------
 Total                                         84.407          2.026 100.0
-----------------------------------------------------------------------------
 Breakdown of PME mesh computation
-----------------------------------------------------------------------------
 PME spread             1    1     100002       2.007          0.048   2.4
 PME gather             1    1     100002       2.079          0.050   2.5
 PME 3D-FFT             1    1     200004      66.406          1.594  78.7
 PME solve LJ           1    1      50001       9.484          0.228  11.2
 PME solve Elec         1    1      50001       2.641          0.063   3.1
-----------------------------------------------------------------------------

               Core t (s)   Wall t (s)        (%)
       Time:       84.406       84.407      100.0
                 (ns/day)    (hour/ns)
Performance:      102.364        0.234
Finished mdrun on rank 0 Sat Feb  3 14:44:13 2024

